2018-05-03 22:21:39 +0000  Initial pipeline context: <IDEDistributionProcessingPipelineContext: 0x7fe1e74942d0; archive(resolved)='<IDEArchive: 0x7fe1e5d57ab0>', distributionTask(resolved)='0', distributionMethod(resolved)='<IDEDistributionMethodiOSAppStoreValidation: 0x7fe1f9a84880>', team(resolved)='<IDEProvisioningBasicTeam: 0x7fe1fc6b4670; teamID='923VQ2CPGW', teamName='Amigo Software Labs LLC'>'>
	Chain (11, self inclusive):
	<IDEDistributionProcessingPipelineContext: 0x7fe1e74942d0; archive = '<IDEArchive: 0x7fe1e5d57ab0>', distributionMethod='<IDEDistributionMethodiOSAppStoreValidation: 0x7fe1f9a84880>', team='<IDEProvisioningBasicTeam: 0x7fe1fc6b4670; teamID='923VQ2CPGW', teamName='Amigo Software Labs LLC'>'>
	<IDEDistributionProcessingPipelineContext: 0x7fe1e8364fd0; archive = '<IDEArchive: 0x7fe1e5d57ab0>', distributionMethod='<IDEDistributionMethodiOSAppStoreValidation: 0x7fe1f9a84880>', team='<IDEProvisioningBasicTeam: 0x7fe1fc6b4670; teamID='923VQ2CPGW', teamName='Amigo Software Labs LLC'>'>
	<IDEDistributionContext: 0x7fe1e84027c0; archive = '<IDEArchive: 0x7fe1e5d57ab0>', distributionMethod='<IDEDistributionMethodiOSAppStoreValidation: 0x7fe1f9a84880>', team='<IDEProvisioningBasicTeam: 0x7fe1fc6b4670; teamID='923VQ2CPGW', teamName='Amigo Software Labs LLC'>'>
	<IDEDistributionContext: 0x7fe1e9419ec0; archive = '<IDEArchive: 0x7fe1e5d57ab0>', distributionMethod='<IDEDistributionMethodiOSAppStoreValidation: 0x7fe1f9a84880>', team='<IDEProvisioningBasicTeam: 0x7fe1fc6b4670; teamID='923VQ2CPGW', teamName='Amigo Software Labs LLC'>'>
	<IDEDistributionContext: 0x7fe1e71f3cc0; archive = '<IDEArchive: 0x7fe1e5d57ab0>', distributionMethod='<IDEDistributionMethodiOSAppStoreValidation: 0x7fe1f9a84880>', team='<IDEProvisioningBasicTeam: 0x7fe1fc6b4670; teamID='923VQ2CPGW', teamName='Amigo Software Labs LLC'>'>
	<IDEDistributionContext: 0x7fe202172bf0; archive = '<IDEArchive: 0x7fe1e5d57ab0>', distributionMethod='<IDEDistributionMethodiOSAppStoreValidation: 0x7fe1f9a84880>', team='<IDEProvisioningBasicTeam: 0x7fe1fc6b4670; teamID='923VQ2CPGW', teamName='Amigo Software Labs LLC'>'>
	<IDEDistributionContext: 0x7fe1e6def300; archive = '<IDEArchive: 0x7fe1e5d57ab0>', distributionMethod='<IDEDistributionMethodiOSAppStoreValidation: 0x7fe1f9a84880>', team='<IDEProvisioningBasicTeam: 0x7fe1fc6b4670; teamID='923VQ2CPGW', teamName='Amigo Software Labs LLC'>'>
	<IDEDistributionContext: 0x7fe1e28ee7e0; archive = '<IDEArchive: 0x7fe1e5d57ab0>', distributionMethod='<IDEDistributionMethodiOSAppStoreValidation: 0x7fe1f9a84880>', team='<IDEProvisioningBasicTeam: 0x7fe1fc6b4670; teamID='923VQ2CPGW', teamName='Amigo Software Labs LLC'>'>
	<IDEDistributionContext: 0x7fe1e6bc4120; archive = '<IDEArchive: 0x7fe1e5d57ab0>', distributionMethod='<IDEDistributionMethodiOSAppStoreValidation: 0x7fe1f9a84880>', team='<IDEProvisioningBasicTeam: 0x7fe1fc6b4670; teamID='923VQ2CPGW', teamName='Amigo Software Labs LLC'>'>
	<IDEDistributionContext: 0x7fe1e740ff20; archive = '<IDEArchive: 0x7fe1e5d57ab0>', distributionMethod='<IDEDistributionMethodiOSAppStoreValidation: 0x7fe1f9a84880>', team='<IDEProvisioningBasicTeam: 0x7fe1fc6b4670; teamID='923VQ2CPGW', teamName='Amigo Software Labs LLC'>'>
	<IDEDistributionContext: 0x7fe1e2e3c940; archive = '<IDEArchive: 0x7fe1e5d57ab0>', distributionMethod='(null)', team='(null)'>
</IDEDistributionProcessingPipelineContext: 0x7fe1e74942d0>
2018-05-03 22:21:39 +0000  Processing step: IDEDistributionCreateDestRootStep
2018-05-03 22:21:39 +0000  Processing step: IDEDistributionCopyItemStep
2018-05-03 22:21:39 +0000  Running /usr/bin/ditto '-V' '/Users/Gordon/Library/Developer/Xcode/Archives/2018-05-03/SunriseNotifier 5-3-18, 6.21 PM.xcarchive/Products/Applications/SunriseSunsetNotifier.app' '/var/folders/_2/zsw6wwhx33d98gt_k9w1y31r0000gn/T/XcodeDistPipeline.BRN/Root/Payload/SunriseSunsetNotifier.app'
2018-05-03 22:21:39 +0000  >>> Copying /Users/Gordon/Library/Developer/Xcode/Archives/2018-05-03/SunriseNotifier 5-3-18, 6.21 PM.xcarchive/Products/Applications/SunriseSunsetNotifier.app 
2018-05-03 22:21:39 +0000  copying file ./_CodeSignature/CodeResources ... 
2018-05-03 22:21:39 +0000  10947 bytes for ./_CodeSignature/CodeResources
2018-05-03 22:21:39 +0000  copying file ./SunriseSunsetNotifier ... 
2018-05-03 22:21:39 +0000  12422816 bytes for ./SunriseSunsetNotifier
copying file ./AppIcon60x60@2x.png ... 
2018-05-03 22:21:39 +0000  13960 bytes for ./AppIcon60x60@2x.png
copying file ./Base.lproj/LaunchScreen.nib ... 
3115 bytes for ./Base.lproj/LaunchScreen.nib
copying file ./Assets.car ... 
2018-05-03 22:21:39 +0000  537912 bytes for ./Assets.car
2018-05-03 22:21:39 +0000  copying file ./main.jsbundle.meta ... 
2018-05-03 22:21:39 +0000  21 bytes for ./main.jsbundle.meta
copying file ./main.jsbundle ... 
2018-05-03 22:21:39 +0000  527206 bytes for ./main.jsbundle
copying file ./embedded.mobileprovision ... 
2018-05-03 22:21:39 +0000  13587 bytes for ./embedded.mobileprovision
2018-05-03 22:21:39 +0000  copying file ./assets/img/SunTimes-Gradient-640x1136@2x.png ... 
2018-05-03 22:21:39 +0000  770169 bytes for ./assets/img/SunTimes-Gradient-640x1136@2x.png
copying file ./assets/img/SunTimes-Gradient-640x1136.png ... 
2018-05-03 22:21:39 +0000  197994 bytes for ./assets/img/SunTimes-Gradient-640x1136.png
2018-05-03 22:21:39 +0000  copying file ./assets/img/SunTimes-Gradient-750x1334@2x.png ... 
2018-05-03 22:21:39 +0000  1053909 bytes for ./assets/img/SunTimes-Gradient-750x1334@2x.png
copying file ./assets/img/SunTimes-Gradient-1920x1080@2x.png ... 
2018-05-03 22:21:39 +0000  2089728 bytes for ./assets/img/SunTimes-Gradient-1920x1080@2x.png
2018-05-03 22:21:39 +0000  copying file ./assets/img/SunTimes-Gradient-1334x750.png ... 
270617 bytes for ./assets/img/SunTimes-Gradient-1334x750.png
copying file ./assets/img/SunTimes-Gradient-1920x1080@3x.png ... 
2018-05-03 22:21:39 +0000  4564400 bytes for ./assets/img/SunTimes-Gradient-1920x1080@3x.png
copying file ./assets/img/SunTimes-Gradient-1334x750@2x.png ... 
2018-05-03 22:21:39 +0000  1030061 bytes for ./assets/img/SunTimes-Gradient-1334x750@2x.png
copying file ./assets/img/SunTimes-Gradient-2436x1125@2x.png ... 
2018-05-03 22:21:39 +0000  2688998 bytes for ./assets/img/SunTimes-Gradient-2436x1125@2x.png
2018-05-03 22:21:39 +0000  copying file ./assets/img/SunTimes-Gradient-1080x1920@2x.png ... 
2018-05-03 22:21:39 +0000  2195128 bytes for ./assets/img/SunTimes-Gradient-1080x1920@2x.png
copying file ./assets/img/SunTimes-Gradient-1920x1080.png ... 
2018-05-03 22:21:39 +0000  548723 bytes for ./assets/img/SunTimes-Gradient-1920x1080.png
copying file ./assets/img/SunTimes-Gradient-1125x2436.png ... 
728612 bytes for ./assets/img/SunTimes-Gradient-1125x2436.png
copying file ./assets/img/SunTimes-Gradient-1080x1920.png ... 
555611 bytes for ./assets/img/SunTimes-Gradient-1080x1920.png
copying file ./assets/img/SunTimes-Gradient-1080x1920@3x.png ... 
2018-05-03 22:21:39 +0000  4829671 bytes for ./assets/img/SunTimes-Gradient-1080x1920@3x.png
copying file ./assets/img/SunTimes-Gradient-2436x1125@3x.png ... 
2018-05-03 22:21:39 +0000  5831665 bytes for ./assets/img/SunTimes-Gradient-2436x1125@3x.png
copying file ./assets/img/SunTimes-Gradient-1125x2436@3x.png ... 
2018-05-03 22:21:39 +0000  6430220 bytes for ./assets/img/SunTimes-Gradient-1125x2436@3x.png
2018-05-03 22:21:39 +0000  copying file ./assets/img/SunTimes-Gradient-750x1334.png ... 
2018-05-03 22:21:39 +0000  268567 bytes for ./assets/img/SunTimes-Gradient-750x1334.png
copying file ./assets/img/SunTimes-Gradient-1136x640.png ... 
2018-05-03 22:21:39 +0000  198686 bytes for ./assets/img/SunTimes-Gradient-1136x640.png
2018-05-03 22:21:39 +0000  copying file ./assets/img/SunTimes-Gradient-2436x1125.png ... 
2018-05-03 22:21:39 +0000  716248 bytes for ./assets/img/SunTimes-Gradient-2436x1125.png
2018-05-03 22:21:39 +0000  copying file ./assets/img/SunTimes-Gradient-1136x640@2x.png ... 
2018-05-03 22:21:39 +0000  770571 bytes for ./assets/img/SunTimes-Gradient-1136x640@2x.png
copying file ./assets/img/SunTimes-Gradient-1125x2436@2x.png ... 
2018-05-03 22:21:39 +0000  2884783 bytes for ./assets/img/SunTimes-Gradient-1125x2436@2x.png
2018-05-03 22:21:39 +0000  
2018-05-03 22:21:39 +0000  copying file ./Info.plist ... 
1641 bytes for ./Info.plist
copying file ./PkgInfo ... 
8 bytes for ./PkgInfo
2018-05-03 22:21:39 +0000  /usr/bin/ditto exited with 0
2018-05-03 22:21:39 +0000  
2018-05-03 22:21:39 +0000  
2018-05-03 22:21:39 +0000  Processing step: IDEDistributionEmbedProfileStep
2018-05-03 22:21:39 +0000  Processing step: IDEDistributionItemRemovalStep
2018-05-03 22:21:39 +0000  Processing step: IDEDistributionAppThinningPlistStep
2018-05-03 22:21:39 +0000  Skipping step: IDEDistributionAppThinningPlistStep because it said so
2018-05-03 22:21:39 +0000  Processing step: IDEDistributionCompileBitcodeStep
2018-05-03 22:21:39 +0000  Skipping step: IDEDistributionCompileBitcodeStep because it said so
2018-05-03 22:21:39 +0000  Processing step: IDEDistributionCodeSlimmingStep
2018-05-03 22:21:39 +0000  Processing step: IDEDistributionCopyBCSymbolMapsStep
2018-05-03 22:21:39 +0000  Running /usr/bin/ditto '-V' '/Users/Gordon/Library/Developer/Xcode/Archives/2018-05-03/SunriseNotifier 5-3-18, 6.21 PM.xcarchive/BCSymbolMaps/BEE5F173-D5B3-3F8E-AEAA-6354F654FBD8.bcsymbolmap' '/var/folders/_2/zsw6wwhx33d98gt_k9w1y31r0000gn/T/XcodeDistPipeline.BRN/Root/BCSymbolMaps/BEE5F173-D5B3-3F8E-AEAA-6354F654FBD8.bcsymbolmap'
2018-05-03 22:21:39 +0000  >>> Copying /Users/Gordon/Library/Developer/Xcode/Archives/2018-05-03/SunriseNotifier 5-3-18, 6.21 PM.xcarchive/BCSymbolMaps/BEE5F173-D5B3-3F8E-AEAA-6354F654FBD8.bcsymbolmap 
2018-05-03 22:21:39 +0000  copying file ./BEE5F173-D5B3-3F8E-AEAA-6354F654FBD8.bcsymbolmap ... 
2018-05-03 22:21:39 +0000  707965 bytes for ./BEE5F173-D5B3-3F8E-AEAA-6354F654FBD8.bcsymbolmap
2018-05-03 22:21:39 +0000  2018-05-03 22:21:39 +0000  

2018-05-03 22:21:39 +0000  /usr/bin/ditto exited with 0
2018-05-03 22:21:39 +0000  
2018-05-03 22:21:39 +0000  
2018-05-03 22:21:39 +0000  Processing step: IDEDistributionSymbolsStep
2018-05-03 22:21:39 +0000  Excluding symbols for SunriseSunsetNotifier.app
2018-05-03 22:21:39 +0000  Processing step: IDEDistributionCopyAppleProvidedContentStep
2018-05-03 22:21:39 +0000  Processing step: IDEDistributionAppThinningStep
2018-05-03 22:21:39 +0000  Skipping step: IDEDistributionAppThinningStep because it said so
2018-05-03 22:21:39 +0000  Processing step: IDEDistributionODRStep
2018-05-03 22:21:39 +0000  Processing step: IDEDistributionStripXattrsStep
2018-05-03 22:21:39 +0000  Running /usr/bin/xattr '-crs' '/var/folders/_2/zsw6wwhx33d98gt_k9w1y31r0000gn/T/XcodeDistPipeline.BRN/Root/Payload/SunriseSunsetNotifier.app'
2018-05-03 22:21:40 +0000  2018-05-03 22:21:40 +0000  /usr/bin/xattr exited with 0
2018-05-03 22:21:40 +0000  

2018-05-03 22:21:40 +0000  Processing step: IDEDistributionCodesignStep
2018-05-03 22:21:40 +0000  Entitlements for <IDEDistributionItem: 0x7fe1e2965bf0 'com.AmigoSoftwareLabs.SunriseSunsetNotifier' '<DVTFilePath:0x7fe1e4b76970:'/Users/Gordon/Library/Developer/Xcode/Archives/2018-05-03/SunriseNotifier 5-3-18, 6.21 PM.xcarchive/Products/Applications/SunriseSunsetNotifier.app'>'>: {
    "application-identifier" = "923VQ2CPGW.com.AmigoSoftwareLabs.SunriseSunsetNotifier";
    "aps-environment" = production;
    "beta-reports-active" = 1;
    "com.apple.developer.team-identifier" = 923VQ2CPGW;
    "get-task-allow" = 0;
}
2018-05-03 22:21:40 +0000  Writing entitlements for <IDEDistributionItem: 0x7fe1e2965bf0 'com.AmigoSoftwareLabs.SunriseSunsetNotifier' '<DVTFilePath:0x7fe1e4b76970:'/Users/Gordon/Library/Developer/Xcode/Archives/2018-05-03/SunriseNotifier 5-3-18, 6.21 PM.xcarchive/Products/Applications/SunriseSunsetNotifier.app'>'> to: /var/folders/_2/zsw6wwhx33d98gt_k9w1y31r0000gn/T/XcodeDistPipeline.BRN/entitlements73iCL2
2018-05-03 22:21:40 +0000  Running /usr/bin/codesign '-vvv' '--force' '--sign' '8DF3A92036F1C368A169EB1D6B6FCAA660788BCF' '--preserve-metadata=identifier,flags' '--entitlements' '/var/folders/_2/zsw6wwhx33d98gt_k9w1y31r0000gn/T/XcodeDistPipeline.BRN/entitlements73iCL2' '/var/folders/_2/zsw6wwhx33d98gt_k9w1y31r0000gn/T/XcodeDistPipeline.BRN/Root/Payload/SunriseSunsetNotifier.app'
2018-05-03 22:21:40 +0000  /var/folders/_2/zsw6wwhx33d98gt_k9w1y31r0000gn/T/XcodeDistPipeline.BRN/Root/Payload/SunriseSunsetNotifier.app: signed app bundle with Mach-O thin (arm64) [com.AmigoSoftwareLabs.SunriseSunsetNotifier]
2018-05-03 22:21:40 +0000  2018-05-03 22:21:40 +0000  
2018-05-03 22:21:40 +0000  /usr/bin/codesign exited with 0

2018-05-03 22:21:40 +0000  
2018-05-03 22:21:40 +0000  Processing step: IDEDistributionStreamingZipItemStep
2018-05-03 22:21:40 +0000  Skipping step: IDEDistributionStreamingZipItemStep because it said so
2018-05-03 22:21:40 +0000  Processing step: IDEDistributionCreateIPAStep
2018-05-03 22:21:40 +0000  Running /usr/bin/ditto '-V' '-c' '-k' '--norsrc' '/var/folders/_2/zsw6wwhx33d98gt_k9w1y31r0000gn/T/XcodeDistPipeline.BRN/Root' '/var/folders/_2/zsw6wwhx33d98gt_k9w1y31r0000gn/T/XcodeDistPipeline.BRN/Packages/SunriseNotifier.ipa'
2018-05-03 22:21:40 +0000  >>> Copying /var/folders/_2/zsw6wwhx33d98gt_k9w1y31r0000gn/T/XcodeDistPipeline.BRN/Root 
2018-05-03 22:21:40 +0000  copying file ./BCSymbolMaps/BEE5F173-D5B3-3F8E-AEAA-6354F654FBD8.bcsymbolmap ... 
2018-05-03 22:21:40 +0000  707965 bytes for ./BCSymbolMaps/BEE5F173-D5B3-3F8E-AEAA-6354F654FBD8.bcsymbolmap
2018-05-03 22:21:40 +0000  copying file ./Payload/SunriseSunsetNotifier.app/_CodeSignature/CodeResources ... 
2018-05-03 22:21:40 +0000  10947 bytes for ./Payload/SunriseSunsetNotifier.app/_CodeSignature/CodeResources
2018-05-03 22:21:40 +0000  copying file ./Payload/SunriseSunsetNotifier.app/SunriseSunsetNotifier ... 
2018-05-03 22:21:40 +0000  10689984 bytes for ./Payload/SunriseSunsetNotifier.app/SunriseSunsetNotifier
copying file ./Payload/SunriseSunsetNotifier.app/AppIcon60x60@2x.png ... 
2018-05-03 22:21:40 +0000  13960 bytes for ./Payload/SunriseSunsetNotifier.app/AppIcon60x60@2x.png
copying file ./Payload/SunriseSunsetNotifier.app/Base.lproj/LaunchScreen.nib ... 
3115 bytes for ./Payload/SunriseSunsetNotifier.app/Base.lproj/LaunchScreen.nib
copying file ./Payload/SunriseSunsetNotifier.app/Assets.car ... 
2018-05-03 22:21:40 +0000  537912 bytes for ./Payload/SunriseSunsetNotifier.app/Assets.car
copying file ./Payload/SunriseSunsetNotifier.app/main.jsbundle.meta ... 
2018-05-03 22:21:40 +0000  21 bytes for ./Payload/SunriseSunsetNotifier.app/main.jsbundle.meta
copying file ./Payload/SunriseSunsetNotifier.app/main.jsbundle ... 
2018-05-03 22:21:40 +0000  527206 bytes for ./Payload/SunriseSunsetNotifier.app/main.jsbundle
2018-05-03 22:21:40 +0000  copying file ./Payload/SunriseSunsetNotifier.app/embedded.mobileprovision ... 
2018-05-03 22:21:40 +0000  9638 bytes for ./Payload/SunriseSunsetNotifier.app/embedded.mobileprovision
2018-05-03 22:21:40 +0000  copying file ./Payload/SunriseSunsetNotifier.app/assets/img/SunTimes-Gradient-640x1136@2x.png ... 
2018-05-03 22:21:40 +0000  770169 bytes for ./Payload/SunriseSunsetNotifier.app/assets/img/SunTimes-Gradient-640x1136@2x.png
2018-05-03 22:21:40 +0000  copying file ./Payload/SunriseSunsetNotifier.app/assets/img/SunTimes-Gradient-640x1136.png ... 
2018-05-03 22:21:40 +0000  197994 bytes for ./Payload/SunriseSunsetNotifier.app/assets/img/SunTimes-Gradient-640x1136.png
copying file ./Payload/SunriseSunsetNotifier.app/assets/img/SunTimes-Gradient-750x1334@2x.png ... 
2018-05-03 22:21:40 +0000  1053909 bytes for ./Payload/SunriseSunsetNotifier.app/assets/img/SunTimes-Gradient-750x1334@2x.png
copying file ./Payload/SunriseSunsetNotifier.app/assets/img/SunTimes-Gradient-1920x1080@2x.png ... 
2018-05-03 22:21:40 +0000  2089728 bytes for ./Payload/SunriseSunsetNotifier.app/assets/img/SunTimes-Gradient-1920x1080@2x.png
copying file ./Payload/SunriseSunsetNotifier.app/assets/img/SunTimes-Gradient-1334x750.png ... 
2018-05-03 22:21:40 +0000  270617 bytes for ./Payload/SunriseSunsetNotifier.app/assets/img/SunTimes-Gradient-1334x750.png
copying file ./Payload/SunriseSunsetNotifier.app/assets/img/SunTimes-Gradient-1920x1080@3x.png ... 
2018-05-03 22:21:41 +0000  4564400 bytes for ./Payload/SunriseSunsetNotifier.app/assets/img/SunTimes-Gradient-1920x1080@3x.png
copying file ./Payload/SunriseSunsetNotifier.app/assets/img/SunTimes-Gradient-1334x750@2x.png ... 
2018-05-03 22:21:41 +0000  1030061 bytes for ./Payload/SunriseSunsetNotifier.app/assets/img/SunTimes-Gradient-1334x750@2x.png
copying file ./Payload/SunriseSunsetNotifier.app/assets/img/SunTimes-Gradient-2436x1125@2x.png ... 
2018-05-03 22:21:41 +0000  2688998 bytes for ./Payload/SunriseSunsetNotifier.app/assets/img/SunTimes-Gradient-2436x1125@2x.png
2018-05-03 22:21:41 +0000  copying file ./Payload/SunriseSunsetNotifier.app/assets/img/SunTimes-Gradient-1080x1920@2x.png ... 
2018-05-03 22:21:41 +0000  2195128 bytes for ./Payload/SunriseSunsetNotifier.app/assets/img/SunTimes-Gradient-1080x1920@2x.png
copying file ./Payload/SunriseSunsetNotifier.app/assets/img/SunTimes-Gradient-1920x1080.png ... 
2018-05-03 22:21:41 +0000  548723 bytes for ./Payload/SunriseSunsetNotifier.app/assets/img/SunTimes-Gradient-1920x1080.png
2018-05-03 22:21:41 +0000  copying file ./Payload/SunriseSunsetNotifier.app/assets/img/SunTimes-Gradient-1125x2436.png ... 
2018-05-03 22:21:41 +0000  728612 bytes for ./Payload/SunriseSunsetNotifier.app/assets/img/SunTimes-Gradient-1125x2436.png
2018-05-03 22:21:41 +0000  copying file ./Payload/SunriseSunsetNotifier.app/assets/img/SunTimes-Gradient-1080x1920.png ... 
2018-05-03 22:21:41 +0000  555611 bytes for ./Payload/SunriseSunsetNotifier.app/assets/img/SunTimes-Gradient-1080x1920.png
copying file ./Payload/SunriseSunsetNotifier.app/assets/img/SunTimes-Gradient-1080x1920@3x.png ... 
2018-05-03 22:21:41 +0000  4829671 bytes for ./Payload/SunriseSunsetNotifier.app/assets/img/SunTimes-Gradient-1080x1920@3x.png
copying file ./Payload/SunriseSunsetNotifier.app/assets/img/SunTimes-Gradient-2436x1125@3x.png ... 
2018-05-03 22:21:41 +0000  5831665 bytes for ./Payload/SunriseSunsetNotifier.app/assets/img/SunTimes-Gradient-2436x1125@3x.png
2018-05-03 22:21:41 +0000  copying file ./Payload/SunriseSunsetNotifier.app/assets/img/SunTimes-Gradient-1125x2436@3x.png ... 
2018-05-03 22:21:41 +0000  6430220 bytes for ./Payload/SunriseSunsetNotifier.app/assets/img/SunTimes-Gradient-1125x2436@3x.png
2018-05-03 22:21:41 +0000  copying file ./Payload/SunriseSunsetNotifier.app/assets/img/SunTimes-Gradient-750x1334.png ... 
2018-05-03 22:21:41 +0000  268567 bytes for ./Payload/SunriseSunsetNotifier.app/assets/img/SunTimes-Gradient-750x1334.png
copying file ./Payload/SunriseSunsetNotifier.app/assets/img/SunTimes-Gradient-1136x640.png ... 
2018-05-03 22:21:41 +0000  198686 bytes for ./Payload/SunriseSunsetNotifier.app/assets/img/SunTimes-Gradient-1136x640.png
2018-05-03 22:21:41 +0000  copying file ./Payload/SunriseSunsetNotifier.app/assets/img/SunTimes-Gradient-2436x1125.png ... 
2018-05-03 22:21:41 +0000  716248 bytes for ./Payload/SunriseSunsetNotifier.app/assets/img/SunTimes-Gradient-2436x1125.png
copying file ./Payload/SunriseSunsetNotifier.app/assets/img/SunTimes-Gradient-1136x640@2x.png ... 
2018-05-03 22:21:41 +0000  770571 bytes for ./Payload/SunriseSunsetNotifier.app/assets/img/SunTimes-Gradient-1136x640@2x.png
copying file ./Payload/SunriseSunsetNotifier.app/assets/img/SunTimes-Gradient-1125x2436@2x.png ... 
2018-05-03 22:21:41 +0000  2884783 bytes for ./Payload/SunriseSunsetNotifier.app/assets/img/SunTimes-Gradient-1125x2436@2x.png
2018-05-03 22:21:41 +0000  copying file ./Payload/SunriseSunsetNotifier.app/Info.plist ... 
1641 bytes for ./Payload/SunriseSunsetNotifier.app/Info.plist
2018-05-03 22:21:41 +0000  copying file ./Payload/SunriseSunsetNotifier.app/PkgInfo ... 
8 bytes for ./Payload/SunriseSunsetNotifier.app/PkgInfo
2018-05-03 22:21:41 +0000  2018-05-03 22:21:41 +0000  

2018-05-03 22:21:41 +0000  /usr/bin/ditto exited with 0
2018-05-03 22:21:41 +0000  
2018-05-03 22:21:41 +0000  
2018-05-03 22:21:41 +0000  Processing step: IDEDistributionCreateManifestStep
2018-05-03 22:21:41 +0000  Skipping step: IDEDistributionCreateManifestStep because it said so
